### Frontend Test Errors:

> karting-frontend@1.0.0 test:coverage
> vitest run --coverage


[31mâŽ¯âŽ¯âŽ¯âŽ¯âŽ¯âŽ¯âŽ¯[1m[7m Startup Error [27m[22mâŽ¯âŽ¯âŽ¯âŽ¯âŽ¯âŽ¯âŽ¯âŽ¯[39m
Error: Cannot find module @rollup/rollup-linux-x64-gnu. npm has a bug related to optional dependencies (https://github.com/npm/cli/issues/4828). Please try `npm i` again after removing both package-lock.json and node_modules directory.
    at requireWithFriendlyError (/home/runner/work/karting/karting/portal/frontend/node_modules/rollup/dist/native.js:83:9)
    at Object.<anonymous> (/home/runner/work/karting/karting/portal/frontend/node_modules/rollup/dist/native.js:92:76)
    ... 3 lines matching cause stack trace ...
    at Module._load (node:internal/modules/cjs/loader:1091:12)
    at cjsLoader (node:internal/modules/esm/translators:298:15)
    at ModuleWrap.<anonymous> (node:internal/modules/esm/translators:240:7)
    at ModuleJob.run (node:internal/modules/esm/module_job:325:25)
    at async ModuleLoader.import (node:internal/modules/esm/loader:606:24) {
  [cause]: Error: Cannot find module '@rollup/rollup-linux-x64-gnu'
  Require stack:
  - /home/runner/work/karting/karting/portal/frontend/node_modules/rollup/dist/native.js
      at Module._resolveFilename (node:internal/modules/cjs/loader:1207:15)
      at Module._load (node:internal/modules/cjs/loader:1038:27)
      at Module.require (node:internal/modules/cjs/loader:1289:19)
      at require (node:internal/modules/helpers:182:18)
      at requireWithFriendlyError (/home/runner/work/karting/karting/portal/frontend/node_modules/rollup/dist/native.js:65:10)
      at Object.<anonymous> (/home/runner/work/karting/karting/portal/frontend/node_modules/rollup/dist/native.js:92:76)
      at Module._compile (node:internal/modules/cjs/loader:1521:14)
      at Module._extensions..js (node:internal/modules/cjs/loader:1623:10)
      at Module.load (node:internal/modules/cjs/loader:1266:32)
      at Module._load (node:internal/modules/cjs/loader:1091:12) {
    code: 'MODULE_NOT_FOUND',
    requireStack: [
      '/home/runner/work/karting/karting/portal/frontend/node_modules/rollup/dist/native.js'
    ]
  }
}




### TypeScript Errors:

> karting-frontend@1.0.0 type-check
> vue-tsc --build


### Python Test Errors:
============================= test session starts ==============================
platform linux -- Python 3.11.14, pytest-9.0.2, pluggy-1.6.0 -- /opt/hostedtoolcache/Python/3.11.14/x64/bin/python
cachedir: .pytest_cache
rootdir: /home/runner/work/karting/karting/data-importer/scripts
configfile: pytest.ini
testpaths: tests
plugins: cov-7.0.0, mock-3.15.1
collecting ... collected 23 items / 1 error

==================================== ERRORS ====================================
____________________ ERROR collecting tests/test_config.py _____________________
ImportError while importing test module '/home/runner/work/karting/karting/data-importer/scripts/tests/test_config.py'.
Hint: make sure your test modules/packages have valid Python names.
Traceback:
/opt/hostedtoolcache/Python/3.11.14/x64/lib/python3.11/importlib/__init__.py:126: in import_module
    return _bootstrap._gcd_import(name[level:], package, level)
           ^^^^^^^^^^^^^^^^^^^^^^^^^^^^^^^^^^^^^^^^^^^^^^^^^^^^
tests/test_config.py:13: in <module>
    from config import load_secrets, get_heat_price, get_cost_per_lap
E   ImportError: cannot import name 'load_secrets' from 'config' (/home/runner/work/karting/karting/data-importer/scripts/config.py)
- generated xml file: /home/runner/work/karting/karting/data-importer/scripts/test-results.xml -
=========================== short test summary info ============================
ERROR tests/test_config.py
!!!!!!!!!!!!!!!!!!!! Interrupted: 1 error during collection !!!!!!!!!!!!!!!!!!!!
=============================== 1 error in 0.25s ===============================

### Frontend Test Errors:

> karting-frontend@1.0.0 test:coverage
> vitest run --coverage


[1m[7m[36m RUN [39m[27m[22m [36mv2.1.9 [39m[90m/home/runner/work/karting/karting/portal/frontend[39m
      [2mCoverage enabled with [22m[33mv8[39m

 [32mâœ“[39m src/stores/__tests__/driver.spec.ts [2m([22m[2m14 tests[22m[2m)[22m[90m 21[2mms[22m[39m
 [32mâœ“[39m src/stores/__tests__/track.spec.ts [2m([22m[2m9 tests[22m[2m)[22m[90m 19[2mms[22m[39m
 [32mâœ“[39m src/stores/__tests__/auth.spec.ts [2m([22m[2m16 tests[22m[2m)[22m[90m 26[2mms[22m[39m
 [32mâœ“[39m src/services/__tests__/api.spec.ts [2m([22m[2m9 tests[22m[2m)[22m[90m 6[2mms[22m[39m

[2m Test Files [22m [1m[32m4 passed[39m[22m[90m (4)[39m
[2m      Tests [22m [1m[32m48 passed[39m[22m[90m (48)[39m
[2m   Start at [22m 19:09:22
[2m   Duration [22m 3.49s[2m (transform 274ms, setup 954ms, collect 387ms, tests 73ms, environment 1.55s, prepare 398ms)[22m

[34m % [39m[2mCoverage report from [22m[33mv8[39m
-------------------|---------|----------|---------|---------|-------------------
File               | % Stmts | % Branch | % Funcs | % Lines | Uncovered Line #s 
-------------------|---------|----------|---------|---------|-------------------
All files          |    7.77 |    63.68 |   14.03 |    7.77 |                   
 src               |       0 |        0 |       0 |       0 |                   
  App.vue          |       0 |        0 |       0 |       0 | 1-10              
 src/components    |       0 |        0 |       0 |       0 |                   
  ...Component.vue |       0 |        0 |       0 |       0 | 1-17              
  QuickStats.vue   |       0 |        0 |       0 |       0 | 1-38              
  ...Container.vue |       0 |        0 |       0 |       0 | 1-39              
  TrackMap.vue     |       0 |        0 |       0 |       0 | 1-182             
 ...mponents/admin |       0 |        0 |       0 |       0 |                   
  LapsTable.vue    |       0 |        0 |       0 |       0 | 1-212             
  ...ionsTable.vue |       0 |        0 |       0 |       0 | 1-249             
 ...ponents/charts |       0 |        0 |       0 |       0 |                   
  ChartWrapper.vue |       0 |        0 |       0 |       0 | 1-40              
  StatCard.vue     |       0 |        0 |       0 |       0 | 1-70              
 ...onents/filters |       0 |        0 |       0 |       0 |                   
  ChartFilters.vue |       0 |        0 |       0 |       0 | 1-123             
 ...omponents/home |       0 |        0 |       0 |       0 |                   
  ...dsSection.vue |       0 |        0 |       0 |       0 | 1-115             
  ...tActivity.vue |       0 |        0 |       0 |       0 | 1-82              
  QuickStats.vue   |       0 |        0 |       0 |       0 | 1-18              
 ...mponents/icons |       0 |        0 |       0 |       0 |                   
  ...Community.vue |       0 |        0 |       0 |       0 | 1-6               
  ...mentation.vue |       0 |        0 |       0 |       0 | 1-6               
  ...Ecosystem.vue |       0 |        0 |       0 |       0 | 1-6               
  IconSupport.vue  |       0 |        0 |       0 |       0 | 1-6               
  IconTooling.vue  |       0 |        0 |       0 |       0 | 1-18              
 ...ponents/layout |       0 |        0 |       0 |       0 |                   
  ...ardLayout.vue |       0 |        0 |       0 |       0 | 1-106             
  ...ardLayout.vue |       0 |        0 |       0 |       0 | 1-268             
 src/composables   |    6.15 |    27.27 |   23.07 |    6.15 |                   
  ...hartConfig.ts |       0 |        0 |       0 |       0 | 1-204             
  useKartingAPI.ts |       0 |        0 |       0 |       0 | 1-290             
  ...ifications.ts |   50.72 |    42.85 |   33.33 |   50.72 | ...01-102,108-109 
  ...eVariables.ts |       0 |        0 |       0 |       0 | 1-156             
  useToast.ts      |       0 |        0 |       0 |       0 | 1-50              
 src/router        |       0 |        0 |       0 |       0 |                   
  index.ts         |       0 |        0 |       0 |       0 | 1-157             
 src/services      |   42.23 |    83.33 |     5.1 |   42.23 |                   
  api.ts           |   42.23 |    83.33 |     5.1 |   42.23 | ...35-637,642-644 
 ...ices/__tests__ |     100 |      100 |     100 |     100 |                   
  api.spec.ts      |     100 |      100 |     100 |     100 |                   
 src/stores        |   84.61 |     64.4 |   93.75 |   84.61 |                   
  auth.ts          |   74.46 |    70.58 |      75 |   74.46 | 35-47,58-65,85-88 
  driver.ts        |   90.82 |    72.72 |     100 |   90.82 | ...2,82-83,99-100 
  track.ts         |   87.15 |       50 |     100 |   87.15 | ...3,96-97,99-100 
 ...ores/__tests__ |     100 |      100 |     100 |     100 |                   
  auth.spec.ts     |     100 |      100 |     100 |     100 |                   
  driver.spec.ts   |     100 |      100 |     100 |     100 |                   
  track.spec.ts    |     100 |      100 |     100 |     100 |                   
 src/utils         |       0 |      100 |     100 |       0 |                   
  driverColors.ts  |       0 |      100 |     100 |       0 | 7-85              
 src/views         |       0 |        0 |       0 |       0 |                   
  AboutView.vue    |       0 |        0 |       0 |       0 | 1-4               
  ...nDataView.vue |       0 |        0 |       0 |       0 | 1-371             
  ...taViewNew.vue |       0 |        0 |       0 |       0 | 1-335             
  ...ylingView.vue |       0 |        0 |       0 |       0 | 1-208             
  ...ementView.vue |       0 |        0 |       0 |       0 | 1-375             
  AdminView.vue    |       0 |        0 |       0 |       0 | 1-34              
  BattlesView.vue  |       0 |        0 |       0 |       0 | 1-502             
  ...boardView.vue |       0 |        0 |       0 |       0 | 1-8               
  ...ementView.vue |       0 |        0 |       0 |       0 | 1-283             
  ...StatsView.vue |       0 |        0 |       0 |       0 | 1-105             
  ...ploadView.vue |       0 |        0 |       0 |       0 | 1-1401            
  ...ncialView.vue |       0 |        0 |       0 |       0 | 1-589             
  ...aphicView.vue |       0 |        0 |       0 |       0 | 1-243             
  HomeView.vue     |       0 |        0 |       0 |       0 | 1-1575            
  LoginView.vue    |       0 |        0 |       0 |       0 | 1-83              
  ...ctiveView.vue |       0 |        0 |       0 |       0 | 1-730             
  ...lysisView.vue |       0 |        0 |       0 |       0 | 1-223             
  TemporalView.vue |       0 |        0 |       0 |       0 | 1-692             
  ...ementView.vue |       0 |        0 |       0 |       0 | 1-545             
  ...manceView.vue |       0 |        0 |       0 |       0 | 1-408             
  ...dDataView.vue |       0 |        0 |       0 |       0 | 1-641             
  ...tingsView.vue |       0 |        0 |       0 |       0 | 1-346             
-------------------|---------|----------|---------|---------|-------------------

### TypeScript Errors:

> karting-frontend@1.0.0 type-check
> vue-tsc --build


### Python Test Errors:
============================= test session starts ==============================
platform linux -- Python 3.11.14, pytest-9.0.2, pluggy-1.6.0 -- /opt/hostedtoolcache/Python/3.11.14/x64/bin/python
cachedir: .pytest_cache
rootdir: /home/runner/work/karting/karting/data-importer/scripts
configfile: pytest.ini
testpaths: tests
plugins: cov-7.0.0, mock-3.15.1
collecting ... collected 29 items

tests/test_config.py::TestLoadConfig::test_load_config_from_file PASSED  [  3%]
tests/test_config.py::TestLoadConfig::test_load_config_returns_defaults PASSED [  6%]
tests/test_config.py::TestGetHeatPrice::test_get_heat_price_known_track PASSED [ 10%]
tests/test_config.py::TestGetHeatPrice::test_get_heat_price_unknown_track PASSED [ 13%]
tests/test_config.py::TestGetCostPerLap::test_get_cost_per_lap_known_track PASSED [ 17%]
tests/test_config.py::TestGetCostPerLap::test_get_cost_per_lap_unknown_track PASSED [ 20%]
tests/test_process_karting_sessions.py::TestTimeConversion::test_convert_time_string_to_seconds PASSED [ 24%]
tests/test_process_karting_sessions.py::TestTimeConversion::test_convert_seconds_only_format PASSED [ 27%]
tests/test_process_karting_sessions.py::TestSpeedCalculation::test_calculate_speed_from_distance_and_time FAILED [ 31%]
tests/test_process_karting_sessions.py::TestSpeedCalculation::test_calculate_speed_zero_time_returns_zero FAILED [ 34%]
tests/test_process_karting_sessions.py::TestDuplicateDetection::test_is_duplicate_session_returns_false_for_new FAILED [ 37%]
tests/test_process_karting_sessions.py::TestDuplicateDetection::test_is_duplicate_session_returns_true_for_existing FAILED [ 41%]
tests/test_process_karting_sessions.py::TestSessionNumbering::test_get_session_number_first_of_day FAILED [ 44%]
tests/test_process_karting_sessions.py::TestSessionNumbering::test_get_session_number_increments FAILED [ 48%]
tests/test_process_karting_sessions.py::TestDriverNormalization::test_normalize_driver_name_strips_whitespace FAILED [ 51%]
tests/test_process_karting_sessions.py::TestDriverNormalization::test_normalize_driver_name_handles_aliases FAILED [ 55%]
tests/test_process_karting_sessions.py::TestCSVWriting::test_write_session_to_csv_creates_file FAILED [ 58%]
tests/test_process_karting_sessions.py::TestCSVWriting::test_write_session_appends_to_existing FAILED [ 62%]
tests/test_session_parser.py::TestSessionParser::test_parser_initialization PASSED [ 65%]
tests/test_session_parser.py::TestSessionParser::test_parse_file_with_invalid_path FAILED [ 68%]
tests/test_session_parser.py::TestSessionParser::test_parse_file_detects_eml PASSED [ 72%]
tests/test_session_parser.py::TestSessionParser::test_get_email_body_extracts_content FAILED [ 75%]
tests/test_session_parser.py::TestSessionParser::test_identify_track_from_content FAILED [ 79%]
tests/test_session_parser.py::TestSessionParser::test_convert_to_csv_row_format PASSED [ 82%]
tests/test_session_parser.py::TestBase64Decoding::test_decode_valid_base64 PASSED [ 86%]
tests/test_session_parser.py::TestBase64Decoding::test_decode_base64_with_newlines PASSED [ 89%]
tests/test_session_parser.py::TestLapTimeExtraction::test_extract_lap_time_mm_ss_format PASSED [ 93%]
tests/test_session_parser.py::TestLapTimeExtraction::test_extract_lap_time_ss_mmm_format PASSED [ 96%]
tests/test_session_parser.py::TestLapTimeExtraction::test_extract_multiple_lap_times PASSED [100%]

=================================== FAILURES ===================================
_______ TestSpeedCalculation.test_calculate_speed_from_distance_and_time _______

self = <tests.test_process_karting_sessions.TestSpeedCalculation object at 0x7f1248a76150>

    def test_calculate_speed_from_distance_and_time(self):
        """Test speed calculation."""
>       from process_karting_sessions import calculate_speed
E       ImportError: cannot import name 'calculate_speed' from 'process_karting_sessions' (/home/runner/work/karting/karting/data-importer/scripts/process_karting_sessions.py)

tests/test_process_karting_sessions.py:37: ImportError
_______ TestSpeedCalculation.test_calculate_speed_zero_time_returns_zero _______

self = <tests.test_process_karting_sessions.TestSpeedCalculation object at 0x7f1248a769d0>

    def test_calculate_speed_zero_time_returns_zero(self):
        """Test that zero time returns zero speed."""
>       from process_karting_sessions import calculate_speed
E       ImportError: cannot import name 'calculate_speed' from 'process_karting_sessions' (/home/runner/work/karting/karting/data-importer/scripts/process_karting_sessions.py)

tests/test_process_karting_sessions.py:45: ImportError
____ TestDuplicateDetection.test_is_duplicate_session_returns_false_for_new ____

self = <tests.test_process_karting_sessions.TestDuplicateDetection object at 0x7f1248a77810>
temp_csv_file = '/tmp/tmp4azqwhuz.csv'

    def test_is_duplicate_session_returns_false_for_new(self, temp_csv_file):
        """Test new session is not duplicate."""
>       from process_karting_sessions import is_duplicate_session
E       ImportError: cannot import name 'is_duplicate_session' from 'process_karting_sessions' (/home/runner/work/karting/karting/data-importer/scripts/process_karting_sessions.py)

tests/test_process_karting_sessions.py:56: ImportError
__ TestDuplicateDetection.test_is_duplicate_session_returns_true_for_existing __

self = <tests.test_process_karting_sessions.TestDuplicateDetection object at 0x7f1248a77bd0>
temp_csv_file = '/tmp/tmp5u8q66io.csv'

    def test_is_duplicate_session_returns_true_for_existing(self, temp_csv_file):
        """Test existing session is detected as duplicate."""
>       from process_karting_sessions import is_duplicate_session
E       ImportError: cannot import name 'is_duplicate_session' from 'process_karting_sessions' (/home/runner/work/karting/karting/data-importer/scripts/process_karting_sessions.py)

tests/test_process_karting_sessions.py:69: ImportError
__________ TestSessionNumbering.test_get_session_number_first_of_day ___________

self = <tests.test_process_karting_sessions.TestSessionNumbering object at 0x7f1248a74190>
temp_csv_file = '/tmp/tmphjhwdpc2.csv'

    def test_get_session_number_first_of_day(self, temp_csv_file):
        """Test first session of day gets number 1."""
>       from process_karting_sessions import get_session_number
E       ImportError: cannot import name 'get_session_number' from 'process_karting_sessions' (/home/runner/work/karting/karting/data-importer/scripts/process_karting_sessions.py)

tests/test_process_karting_sessions.py:85: ImportError
___________ TestSessionNumbering.test_get_session_number_increments ____________

self = <tests.test_process_karting_sessions.TestSessionNumbering object at 0x7f1248a74490>
temp_csv_file = '/tmp/tmptgzul_3y.csv'

    def test_get_session_number_increments(self, temp_csv_file):
        """Test session number increments for same day/track."""
>       from process_karting_sessions import get_session_number
E       ImportError: cannot import name 'get_session_number' from 'process_karting_sessions' (/home/runner/work/karting/karting/data-importer/scripts/process_karting_sessions.py)

tests/test_process_karting_sessions.py:96: ImportError
_____ TestDriverNormalization.test_normalize_driver_name_strips_whitespace _____

self = <tests.test_process_karting_sessions.TestDriverNormalization object at 0x7f1248a75710>

    def test_normalize_driver_name_strips_whitespace(self):
        """Test driver names are trimmed."""
        from process_karting_sessions import normalize_driver_name
    
>       result = normalize_driver_name("  Driver 1  ")
                 ^^^^^^^^^^^^^^^^^^^^^^^^^^^^^^^^^^^^^
E       TypeError: normalize_driver_name() missing 1 required positional argument: 'track_name'

tests/test_process_karting_sessions.py:115: TypeError
______ TestDriverNormalization.test_normalize_driver_name_handles_aliases ______

self = <tests.test_process_karting_sessions.TestDriverNormalization object at 0x7f1248c5c550>

    def test_normalize_driver_name_handles_aliases(self):
        """Test driver aliases are resolved."""
        from process_karting_sessions import normalize_driver_name
    
        # This depends on configured aliases
>       result = normalize_driver_name("Some Alias")
                 ^^^^^^^^^^^^^^^^^^^^^^^^^^^^^^^^^^^
E       TypeError: normalize_driver_name() missing 1 required positional argument: 'track_name'

tests/test_process_karting_sessions.py:123: TypeError
____________ TestCSVWriting.test_write_session_to_csv_creates_file _____________

self = <tests.test_process_karting_sessions.TestCSVWriting object at 0x7f1248aa32d0>

    def test_write_session_to_csv_creates_file(self):
        """Test writing session creates CSV file."""
        with tempfile.NamedTemporaryFile(mode='w', suffix='.csv', delete=False) as f:
            temp_path = f.name
    
        try:
>           from process_karting_sessions import write_session_to_csv
E           ImportError: cannot import name 'write_session_to_csv' from 'process_karting_sessions' (/home/runner/work/karting/karting/data-importer/scripts/process_karting_sessions.py)

tests/test_process_karting_sessions.py:137: ImportError
____________ TestCSVWriting.test_write_session_appends_to_existing _____________

self = <tests.test_process_karting_sessions.TestCSVWriting object at 0x7f1248aa3950>
temp_csv_file = '/tmp/tmp8oibw0qw.csv'

    def test_write_session_appends_to_existing(self, temp_csv_file):
        """Test writing session appends to existing file."""
>       from process_karting_sessions import write_session_to_csv
E       ImportError: cannot import name 'write_session_to_csv' from 'process_karting_sessions' (/home/runner/work/karting/karting/data-importer/scripts/process_karting_sessions.py)

tests/test_process_karting_sessions.py:159: ImportError
_____________ TestSessionParser.test_parse_file_with_invalid_path ______________

self = <tests.test_session_parser.TestSessionParser object at 0x7f1248a7b150>
parser = <session_parser.SessionParser object at 0x7f1248775f10>

    def test_parse_file_with_invalid_path(self, parser):
        """Test parsing non-existent file returns None or raises."""
>       result = parser.parse_file("/nonexistent/file.eml")
                 ^^^^^^^^^^^^^^^^^^^^^^^^^^^^^^^^^^^^^^^^^^

tests/test_session_parser.py:29: 
_ _ _ _ _ _ _ _ _ _ _ _ _ _ _ _ _ _ _ _ _ _ _ _ _ _ _ _ _ _ _ _ _ _ _ _ _ _ _ _ 

self = <session_parser.SessionParser object at 0x7f1248775f10>
file_path = PosixPath('/nonexistent/file.eml')

    def parse_file(self, file_path: str) -> Dict:
        """
        Main entry point to parse any supported file type
        Returns a dictionary with session data
        """
        file_path = Path(file_path)
    
        if not file_path.exists():
>           raise FileNotFoundError(f"File not found: {file_path}")
E           FileNotFoundError: File not found: /nonexistent/file.eml

session_parser.py:40: FileNotFoundError
---------------------------- Captured stdout setup -----------------------------
Warning: Tracks database not found at tracks.json
____________ TestSessionParser.test_get_email_body_extracts_content ____________

self = <tests.test_session_parser.TestSessionParser object at 0x7f1248a7a810>
parser = <session_parser.SessionParser object at 0x7f12486e8650>

    def test_get_email_body_extracts_content(self, parser):
        """Test email body extraction from multipart message."""
        msg = EmailMessage()
        msg['Subject'] = 'Test'
        msg.set_content('Plain text content')
        msg.add_alternative('<html><body>HTML content</body></html>', subtype='html')
    
>       body = parser.get_email_body(msg)
               ^^^^^^^^^^^^^^^^^^^^^
E       AttributeError: 'SessionParser' object has no attribute 'get_email_body'

tests/test_session_parser.py:45: AttributeError
---------------------------- Captured stdout setup -----------------------------
Warning: Tracks database not found at tracks.json
______________ TestSessionParser.test_identify_track_from_content ______________

self = <tests.test_session_parser.TestSessionParser object at 0x7f1248a78150>
parser = <session_parser.SessionParser object at 0x7f12486d8290>

    def test_identify_track_from_content(self, parser):
        """Test track identification from email content."""
        content = "Results from De Voltage karting session"
>       track = parser.identify_track(content)
                ^^^^^^^^^^^^^^^^^^^^^
E       AttributeError: 'SessionParser' object has no attribute 'identify_track'

tests/test_session_parser.py:52: AttributeError
---------------------------- Captured stdout setup -----------------------------
Warning: Tracks database not found at tracks.json
- generated xml file: /home/runner/work/karting/karting/data-importer/scripts/test-results.xml -
================================ tests coverage ================================
_______________ coverage: platform linux, python 3.11.14-final-0 _______________

Name                                     Stmts   Miss  Cover   Missing
----------------------------------------------------------------------
add_session.py                             152    152     0%   6-251
config.py                                   49      6    88%   23-24, 140-143, 152
process_karting_sessions.py                771    735     5%   43-58, 62-70, 84-86, 98-104, 108-316, 320-418, 422-788, 792-802, 806-836, 841-887, 891-981, 985-1142, 1146-1277, 1281-1344, 1347-1358
remove_console_logs.py                      37     37     0%   1-71
run_processing.py                           14     14     0%   5-22
session_parser.py                          214    150    30%   26-27, 45-51, 67, 69, 71, 78-90, 94-146, 150-201, 205-216, 220-240, 244-255, 259, 279, 284, 294-295, 298-301, 311, 313, 315, 317, 319, 321, 323, 332-411, 416-429
tests/__init__.py                            0      0   100%
tests/conftest.py                           32      3    91%   33, 50, 93
tests/test_config.py                        45      0   100%
tests/test_process_karting_sessions.py      92     46    50%   40-41, 47-48, 59-65, 71-77, 87-92, 98-105, 116, 124-125, 139-152, 162-179
tests/test_session_parser.py                76      6    92%   30, 46-47, 54, 67-68
----------------------------------------------------------------------
TOTAL                                     1482   1149    22%
Coverage XML written to file coverage.xml
=========================== short test summary info ============================
FAILED tests/test_process_karting_sessions.py::TestSpeedCalculation::test_calculate_speed_from_distance_and_time - ImportError: cannot import name 'calculate_speed' from 'process_karting_sessions' (/home/runner/work/karting/karting/data-importer/scripts/process_karting_sessions.py)
FAILED tests/test_process_karting_sessions.py::TestSpeedCalculation::test_calculate_speed_zero_time_returns_zero - ImportError: cannot import name 'calculate_speed' from 'process_karting_sessions' (/home/runner/work/karting/karting/data-importer/scripts/process_karting_sessions.py)
FAILED tests/test_process_karting_sessions.py::TestDuplicateDetection::test_is_duplicate_session_returns_false_for_new - ImportError: cannot import name 'is_duplicate_session' from 'process_karting_sessions' (/home/runner/work/karting/karting/data-importer/scripts/process_karting_sessions.py)
FAILED tests/test_process_karting_sessions.py::TestDuplicateDetection::test_is_duplicate_session_returns_true_for_existing - ImportError: cannot import name 'is_duplicate_session' from 'process_karting_sessions' (/home/runner/work/karting/karting/data-importer/scripts/process_karting_sessions.py)
FAILED tests/test_process_karting_sessions.py::TestSessionNumbering::test_get_session_number_first_of_day - ImportError: cannot import name 'get_session_number' from 'process_karting_sessions' (/home/runner/work/karting/karting/data-importer/scripts/process_karting_sessions.py)
FAILED tests/test_process_karting_sessions.py::TestSessionNumbering::test_get_session_number_increments - ImportError: cannot import name 'get_session_number' from 'process_karting_sessions' (/home/runner/work/karting/karting/data-importer/scripts/process_karting_sessions.py)
FAILED tests/test_process_karting_sessions.py::TestDriverNormalization::test_normalize_driver_name_strips_whitespace - TypeError: normalize_driver_name() missing 1 required positional argument: 'track_name'
FAILED tests/test_process_karting_sessions.py::TestDriverNormalization::test_normalize_driver_name_handles_aliases - TypeError: normalize_driver_name() missing 1 required positional argument: 'track_name'
FAILED tests/test_process_karting_sessions.py::TestCSVWriting::test_write_session_to_csv_creates_file - ImportError: cannot import name 'write_session_to_csv' from 'process_karting_sessions' (/home/runner/work/karting/karting/data-importer/scripts/process_karting_sessions.py)
FAILED tests/test_process_karting_sessions.py::TestCSVWriting::test_write_session_appends_to_existing - ImportError: cannot import name 'write_session_to_csv' from 'process_karting_sessions' (/home/runner/work/karting/karting/data-importer/scripts/process_karting_sessions.py)
FAILED tests/test_session_parser.py::TestSessionParser::test_parse_file_with_invalid_path - FileNotFoundError: File not found: /nonexistent/file.eml
FAILED tests/test_session_parser.py::TestSessionParser::test_get_email_body_extracts_content - AttributeError: 'SessionParser' object has no attribute 'get_email_body'
FAILED tests/test_session_parser.py::TestSessionParser::test_identify_track_from_content - AttributeError: 'SessionParser' object has no attribute 'identify_track'
======================== 13 failed, 16 passed in 0.83s =========================

