<?xml version="1.0" encoding="utf-8"?><testsuites name="pytest tests"><testsuite name="pytest" errors="0" failures="13" skipped="0" tests="29" time="4.648" timestamp="2026-01-28T18:43:46.846813+00:00" hostname="runnervmymu0l"><testcase classname="tests.test_config.TestLoadConfig" name="test_load_config_from_file" time="0.006" /><testcase classname="tests.test_config.TestLoadConfig" name="test_load_config_returns_defaults" time="0.001" /><testcase classname="tests.test_config.TestGetHeatPrice" name="test_get_heat_price_known_track" time="0.001" /><testcase classname="tests.test_config.TestGetHeatPrice" name="test_get_heat_price_unknown_track" time="0.000" /><testcase classname="tests.test_config.TestGetCostPerLap" name="test_get_cost_per_lap_known_track" time="0.000" /><testcase classname="tests.test_config.TestGetCostPerLap" name="test_get_cost_per_lap_unknown_track" time="0.000" /><testcase classname="tests.test_process_karting_sessions.TestTimeConversion" name="test_convert_time_string_to_seconds" time="4.175" /><testcase classname="tests.test_process_karting_sessions.TestTimeConversion" name="test_convert_seconds_only_format" time="0.001" /><testcase classname="tests.test_process_karting_sessions.TestSpeedCalculation" name="test_calculate_speed_from_distance_and_time" time="0.001"><failure message="ImportError: cannot import name 'calculate_speed' from 'process_karting_sessions' (/home/runner/work/karting/karting/data-importer/scripts/process_karting_sessions.py). Did you mean: 'calculate_avg_speed'?">self = &lt;tests.test_process_karting_sessions.TestSpeedCalculation object at 0x7fc24d2db830&gt;

    def test_calculate_speed_from_distance_and_time(self):
        """Test speed calculation."""
&gt;       from process_karting_sessions import calculate_speed
E       ImportError: cannot import name 'calculate_speed' from 'process_karting_sessions' (/home/runner/work/karting/karting/data-importer/scripts/process_karting_sessions.py). Did you mean: 'calculate_avg_speed'?

tests/test_process_karting_sessions.py:37: ImportError</failure></testcase><testcase classname="tests.test_process_karting_sessions.TestSpeedCalculation" name="test_calculate_speed_zero_time_returns_zero" time="0.001"><failure message="ImportError: cannot import name 'calculate_speed' from 'process_karting_sessions' (/home/runner/work/karting/karting/data-importer/scripts/process_karting_sessions.py). Did you mean: 'calculate_avg_speed'?">self = &lt;tests.test_process_karting_sessions.TestSpeedCalculation object at 0x7fc24d11ce00&gt;

    def test_calculate_speed_zero_time_returns_zero(self):
        """Test that zero time returns zero speed."""
&gt;       from process_karting_sessions import calculate_speed
E       ImportError: cannot import name 'calculate_speed' from 'process_karting_sessions' (/home/runner/work/karting/karting/data-importer/scripts/process_karting_sessions.py). Did you mean: 'calculate_avg_speed'?

tests/test_process_karting_sessions.py:45: ImportError</failure></testcase><testcase classname="tests.test_process_karting_sessions.TestDuplicateDetection" name="test_is_duplicate_session_returns_false_for_new" time="0.001"><failure message="ImportError: cannot import name 'is_duplicate_session' from 'process_karting_sessions' (/home/runner/work/karting/karting/data-importer/scripts/process_karting_sessions.py). Did you mean: 'check_duplicate_session'?">self = &lt;tests.test_process_karting_sessions.TestDuplicateDetection object at 0x7fc24d11e5a0&gt;
temp_csv_file = '/tmp/tmpmdyqqz04.csv'

    def test_is_duplicate_session_returns_false_for_new(self, temp_csv_file):
        """Test new session is not duplicate."""
&gt;       from process_karting_sessions import is_duplicate_session
E       ImportError: cannot import name 'is_duplicate_session' from 'process_karting_sessions' (/home/runner/work/karting/karting/data-importer/scripts/process_karting_sessions.py). Did you mean: 'check_duplicate_session'?

tests/test_process_karting_sessions.py:56: ImportError</failure></testcase><testcase classname="tests.test_process_karting_sessions.TestDuplicateDetection" name="test_is_duplicate_session_returns_true_for_existing" time="0.001"><failure message="ImportError: cannot import name 'is_duplicate_session' from 'process_karting_sessions' (/home/runner/work/karting/karting/data-importer/scripts/process_karting_sessions.py). Did you mean: 'check_duplicate_session'?">self = &lt;tests.test_process_karting_sessions.TestDuplicateDetection object at 0x7fc24d11d250&gt;
temp_csv_file = '/tmp/tmpbs0s7z86.csv'

    def test_is_duplicate_session_returns_true_for_existing(self, temp_csv_file):
        """Test existing session is detected as duplicate."""
&gt;       from process_karting_sessions import is_duplicate_session
E       ImportError: cannot import name 'is_duplicate_session' from 'process_karting_sessions' (/home/runner/work/karting/karting/data-importer/scripts/process_karting_sessions.py). Did you mean: 'check_duplicate_session'?

tests/test_process_karting_sessions.py:69: ImportError</failure></testcase><testcase classname="tests.test_process_karting_sessions.TestSessionNumbering" name="test_get_session_number_first_of_day" time="0.001"><failure message="ImportError: cannot import name 'get_session_number' from 'process_karting_sessions' (/home/runner/work/karting/karting/data-importer/scripts/process_karting_sessions.py). Did you mean: 'get_heat_number'?">self = &lt;tests.test_process_karting_sessions.TestSessionNumbering object at 0x7fc24d11d5e0&gt;
temp_csv_file = '/tmp/tmp_566df_u.csv'

    def test_get_session_number_first_of_day(self, temp_csv_file):
        """Test first session of day gets number 1."""
&gt;       from process_karting_sessions import get_session_number
E       ImportError: cannot import name 'get_session_number' from 'process_karting_sessions' (/home/runner/work/karting/karting/data-importer/scripts/process_karting_sessions.py). Did you mean: 'get_heat_number'?

tests/test_process_karting_sessions.py:85: ImportError</failure></testcase><testcase classname="tests.test_process_karting_sessions.TestSessionNumbering" name="test_get_session_number_increments" time="0.001"><failure message="ImportError: cannot import name 'get_session_number' from 'process_karting_sessions' (/home/runner/work/karting/karting/data-importer/scripts/process_karting_sessions.py). Did you mean: 'get_heat_number'?">self = &lt;tests.test_process_karting_sessions.TestSessionNumbering object at 0x7fc24d11d910&gt;
temp_csv_file = '/tmp/tmp0dbhlc8i.csv'

    def test_get_session_number_increments(self, temp_csv_file):
        """Test session number increments for same day/track."""
&gt;       from process_karting_sessions import get_session_number
E       ImportError: cannot import name 'get_session_number' from 'process_karting_sessions' (/home/runner/work/karting/karting/data-importer/scripts/process_karting_sessions.py). Did you mean: 'get_heat_number'?

tests/test_process_karting_sessions.py:96: ImportError</failure></testcase><testcase classname="tests.test_process_karting_sessions.TestDriverNormalization" name="test_normalize_driver_name_strips_whitespace" time="0.001"><failure message="TypeError: normalize_driver_name() missing 1 required positional argument: 'track_name'">self = &lt;tests.test_process_karting_sessions.TestDriverNormalization object at 0x7fc24d11dca0&gt;

    def test_normalize_driver_name_strips_whitespace(self):
        """Test driver names are trimmed."""
        from process_karting_sessions import normalize_driver_name
    
&gt;       result = normalize_driver_name("  Driver 1  ")
                 ^^^^^^^^^^^^^^^^^^^^^^^^^^^^^^^^^^^^^
E       TypeError: normalize_driver_name() missing 1 required positional argument: 'track_name'

tests/test_process_karting_sessions.py:115: TypeError</failure></testcase><testcase classname="tests.test_process_karting_sessions.TestDriverNormalization" name="test_normalize_driver_name_handles_aliases" time="0.001"><failure message="TypeError: normalize_driver_name() missing 1 required positional argument: 'track_name'">self = &lt;tests.test_process_karting_sessions.TestDriverNormalization object at 0x7fc24d11dfa0&gt;

    def test_normalize_driver_name_handles_aliases(self):
        """Test driver aliases are resolved."""
        from process_karting_sessions import normalize_driver_name
    
        # This depends on configured aliases
&gt;       result = normalize_driver_name("Some Alias")
                 ^^^^^^^^^^^^^^^^^^^^^^^^^^^^^^^^^^^
E       TypeError: normalize_driver_name() missing 1 required positional argument: 'track_name'

tests/test_process_karting_sessions.py:123: TypeError</failure></testcase><testcase classname="tests.test_process_karting_sessions.TestCSVWriting" name="test_write_session_to_csv_creates_file" time="0.001"><failure message="ImportError: cannot import name 'write_session_to_csv' from 'process_karting_sessions' (/home/runner/work/karting/karting/data-importer/scripts/process_karting_sessions.py). Did you mean: 'add_session_to_csv'?">self = &lt;tests.test_process_karting_sessions.TestCSVWriting object at 0x7fc24d11e360&gt;

    def test_write_session_to_csv_creates_file(self):
        """Test writing session creates CSV file."""
        with tempfile.NamedTemporaryFile(mode='w', suffix='.csv', delete=False) as f:
            temp_path = f.name
    
        try:
&gt;           from process_karting_sessions import write_session_to_csv
E           ImportError: cannot import name 'write_session_to_csv' from 'process_karting_sessions' (/home/runner/work/karting/karting/data-importer/scripts/process_karting_sessions.py). Did you mean: 'add_session_to_csv'?

tests/test_process_karting_sessions.py:137: ImportError</failure></testcase><testcase classname="tests.test_process_karting_sessions.TestCSVWriting" name="test_write_session_appends_to_existing" time="0.001"><failure message="ImportError: cannot import name 'write_session_to_csv' from 'process_karting_sessions' (/home/runner/work/karting/karting/data-importer/scripts/process_karting_sessions.py). Did you mean: 'add_session_to_csv'?">self = &lt;tests.test_process_karting_sessions.TestCSVWriting object at 0x7fc24d11e690&gt;
temp_csv_file = '/tmp/tmpxqh6fzrn.csv'

    def test_write_session_appends_to_existing(self, temp_csv_file):
        """Test writing session appends to existing file."""
&gt;       from process_karting_sessions import write_session_to_csv
E       ImportError: cannot import name 'write_session_to_csv' from 'process_karting_sessions' (/home/runner/work/karting/karting/data-importer/scripts/process_karting_sessions.py). Did you mean: 'add_session_to_csv'?

tests/test_process_karting_sessions.py:159: ImportError</failure></testcase><testcase classname="tests.test_session_parser.TestSessionParser" name="test_parser_initialization" time="0.001" /><testcase classname="tests.test_session_parser.TestSessionParser" name="test_parse_file_with_invalid_path" time="0.001"><failure message="FileNotFoundError: File not found: /nonexistent/file.eml">self = &lt;tests.test_session_parser.TestSessionParser object at 0x7fc24d11f800&gt;
parser = &lt;session_parser.SessionParser object at 0x7fc24cb63980&gt;

    def test_parse_file_with_invalid_path(self, parser):
        """Test parsing non-existent file returns None or raises."""
&gt;       result = parser.parse_file("/nonexistent/file.eml")
                 ^^^^^^^^^^^^^^^^^^^^^^^^^^^^^^^^^^^^^^^^^^

tests/test_session_parser.py:29: 
_ _ _ _ _ _ _ _ _ _ _ _ _ _ _ _ _ _ _ _ _ _ _ _ _ _ _ _ _ _ _ _ _ _ _ _ _ _ _ _ _ _ _ _ _ _ _ _ _ _ _ _ _ _ _ _ _ _ _ _ 

self = &lt;session_parser.SessionParser object at 0x7fc24cb63980&gt;, file_path = PosixPath('/nonexistent/file.eml')

    def parse_file(self, file_path: str) -&gt; Dict:
        """
        Main entry point to parse any supported file type
        Returns a dictionary with session data
        """
        file_path = Path(file_path)
    
        if not file_path.exists():
&gt;           raise FileNotFoundError(f"File not found: {file_path}")
E           FileNotFoundError: File not found: /nonexistent/file.eml

session_parser.py:40: FileNotFoundError</failure></testcase><testcase classname="tests.test_session_parser.TestSessionParser" name="test_parse_file_detects_eml" time="0.004" /><testcase classname="tests.test_session_parser.TestSessionParser" name="test_get_email_body_extracts_content" time="0.008"><failure message="AttributeError: 'SessionParser' object has no attribute 'get_email_body'. Did you mean: '_get_email_body'?">self = &lt;tests.test_session_parser.TestSessionParser object at 0x7fc24d11e7e0&gt;
parser = &lt;session_parser.SessionParser object at 0x7fc24cb60fb0&gt;

    def test_get_email_body_extracts_content(self, parser):
        """Test email body extraction from multipart message."""
        msg = EmailMessage()
        msg['Subject'] = 'Test'
        msg.set_content('Plain text content')
        msg.add_alternative('&lt;html&gt;&lt;body&gt;HTML content&lt;/body&gt;&lt;/html&gt;', subtype='html')
    
&gt;       body = parser.get_email_body(msg)
               ^^^^^^^^^^^^^^^^^^^^^
E       AttributeError: 'SessionParser' object has no attribute 'get_email_body'. Did you mean: '_get_email_body'?

tests/test_session_parser.py:45: AttributeError</failure></testcase><testcase classname="tests.test_session_parser.TestSessionParser" name="test_identify_track_from_content" time="0.001"><failure message="AttributeError: 'SessionParser' object has no attribute 'identify_track'">self = &lt;tests.test_session_parser.TestSessionParser object at 0x7fc24d11eb10&gt;
parser = &lt;session_parser.SessionParser object at 0x7fc24cc16600&gt;

    def test_identify_track_from_content(self, parser):
        """Test track identification from email content."""
        content = "Results from De Voltage karting session"
&gt;       track = parser.identify_track(content)
                ^^^^^^^^^^^^^^^^^^^^^
E       AttributeError: 'SessionParser' object has no attribute 'identify_track'

tests/test_session_parser.py:52: AttributeError</failure></testcase><testcase classname="tests.test_session_parser.TestSessionParser" name="test_convert_to_csv_row_format" time="0.001" /><testcase classname="tests.test_session_parser.TestBase64Decoding" name="test_decode_valid_base64" time="0.001" /><testcase classname="tests.test_session_parser.TestBase64Decoding" name="test_decode_base64_with_newlines" time="0.000" /><testcase classname="tests.test_session_parser.TestLapTimeExtraction" name="test_extract_lap_time_mm_ss_format" time="0.001" /><testcase classname="tests.test_session_parser.TestLapTimeExtraction" name="test_extract_lap_time_ss_mmm_format" time="0.001" /><testcase classname="tests.test_session_parser.TestLapTimeExtraction" name="test_extract_multiple_lap_times" time="0.001" /></testsuite></testsuites>