============================= test session starts ==============================
platform linux -- Python 3.11.14, pytest-9.0.2, pluggy-1.6.0 -- /opt/hostedtoolcache/Python/3.11.14/x64/bin/python
cachedir: .pytest_cache
rootdir: /home/runner/work/karting/karting/data-importer/scripts
configfile: pytest.ini
testpaths: tests
plugins: cov-7.0.0, mock-3.15.1
collecting ... collected 23 items / 1 error

==================================== ERRORS ====================================
____________________ ERROR collecting tests/test_config.py _____________________
ImportError while importing test module '/home/runner/work/karting/karting/data-importer/scripts/tests/test_config.py'.
Hint: make sure your test modules/packages have valid Python names.
Traceback:
/opt/hostedtoolcache/Python/3.11.14/x64/lib/python3.11/importlib/__init__.py:126: in import_module
    return _bootstrap._gcd_import(name[level:], package, level)
           ^^^^^^^^^^^^^^^^^^^^^^^^^^^^^^^^^^^^^^^^^^^^^^^^^^^^
tests/test_config.py:13: in <module>
    from config import load_secrets, get_heat_price, get_cost_per_lap
E   ImportError: cannot import name 'load_secrets' from 'config' (/home/runner/work/karting/karting/data-importer/scripts/config.py)
- generated xml file: /home/runner/work/karting/karting/data-importer/scripts/test-results.xml -
=========================== short test summary info ============================
ERROR tests/test_config.py
!!!!!!!!!!!!!!!!!!!! Interrupted: 1 error during collection !!!!!!!!!!!!!!!!!!!!
=============================== 1 error in 0.25s ===============================
