<?xml version="1.0" encoding="utf-8"?><testsuites name="pytest tests"><testsuite name="pytest" errors="1" failures="0" skipped="0" tests="1" time="0.248" timestamp="2026-01-28T19:05:43.658008+00:00" hostname="runnervmymu0l"><testcase classname="" name="tests.test_config" time="0.000"><error message="collection failure">ImportError while importing test module '/home/runner/work/karting/karting/data-importer/scripts/tests/test_config.py'.
Hint: make sure your test modules/packages have valid Python names.
Traceback:
/opt/hostedtoolcache/Python/3.11.14/x64/lib/python3.11/importlib/__init__.py:126: in import_module
    return _bootstrap._gcd_import(name[level:], package, level)
           ^^^^^^^^^^^^^^^^^^^^^^^^^^^^^^^^^^^^^^^^^^^^^^^^^^^^
tests/test_config.py:13: in &lt;module&gt;
    from config import load_secrets, get_heat_price, get_cost_per_lap
E   ImportError: cannot import name 'load_secrets' from 'config' (/home/runner/work/karting/karting/data-importer/scripts/config.py)</error></testcase></testsuite></testsuites>